./org/jfree/chart/text/TextBox.class
./org/jfree/chart/text/TextFragment.class
./org/jfree/chart/text/TextBlock.class
./org/jfree/chart/text/TextBlockAnchor.class
./org/jfree/chart/text/TextMeasurer.class
./org/jfree/chart/text/TextAnchor.class
./org/jfree/chart/text/G2TextMeasurer.class
./org/jfree/chart/text/TextUtilities.class
./org/jfree/chart/text/TextLine.class
./org/jfree/chart/ui/StrokeChooserPanel$1.class
./org/jfree/chart/ui/FontDisplayField.class
./org/jfree/chart/ui/Contributor.class
./org/jfree/chart/ui/Library.class
./org/jfree/chart/ui/StrokeChooserPanel.class
./org/jfree/chart/ui/StrokeSample.class
./org/jfree/chart/ui/BasicProjectInfo.class
./org/jfree/chart/ui/PaintSample.class
./org/jfree/chart/ui/BasicProjectInfo$OptionalLibraryHolder.class
./org/jfree/chart/ui/ProjectInfo.class
./org/jfree/chart/ui/FontChooserPanel.class
./org/jfree/chart/ui/LCBLayout.class
./org/jfree/chart/ui/Licences.class
./org/jfree/chart/ui/ExtensionFileFilter.class
./org/jfree/chart/imagemap/OverLIBToolTipTagFragmentGenerator.class
./org/jfree/chart/imagemap/DynamicDriveToolTipTagFragmentGenerator.class
./org/jfree/chart/imagemap/StandardURLTagFragmentGenerator.class
./org/jfree/chart/imagemap/ImageMapUtilities.class
./org/jfree/chart/imagemap/StandardToolTipTagFragmentGenerator.class
./org/jfree/chart/imagemap/URLTagFragmentGenerator.class
./org/jfree/chart/imagemap/ToolTipTagFragmentGenerator.class
./org/jfree/chart/LegendItem.class
./org/jfree/chart/BufferedImageRenderingSource.class
./org/jfree/chart/ChartUtilities.class
./org/jfree/chart/ChartMouseEvent.class
./org/jfree/chart/LegendItemCollection.class
./org/jfree/chart/MouseWheelHandler.class
./org/jfree/chart/PolarChartPanel.class
./org/jfree/chart/resources/JFreeChartResources.class
./org/jfree/chart/StandardChartTheme$1.class
./org/jfree/chart/LegendItemSource.class
./org/jfree/chart/editor/DefaultTitleEditor.class
./org/jfree/chart/editor/DefaultNumberAxisEditor.class
./org/jfree/chart/editor/ChartEditorManager.class
./org/jfree/chart/editor/DefaultChartEditor.class
./org/jfree/chart/editor/DefaultPlotEditor.class
./org/jfree/chart/editor/DefaultChartEditorFactory.class
./org/jfree/chart/editor/DefaultAxisEditor.class
./org/jfree/chart/editor/ChartEditorFactory.class
./org/jfree/chart/editor/ChartEditor.class
./org/jfree/chart/ChartFrame.class
./org/jfree/chart/Effect3D.class
./org/jfree/chart/encoders/SunJPEGEncoderAdapter.class
./org/jfree/chart/encoders/EncoderUtil.class
./org/jfree/chart/encoders/ImageEncoderFactory.class
./org/jfree/chart/encoders/ImageEncoder.class
./org/jfree/chart/encoders/SunPNGEncoderAdapter.class
./org/jfree/chart/encoders/ImageFormat.class
./org/jfree/chart/Drawable.class
./org/jfree/chart/annotations/CategoryAnnotation.class
./org/jfree/chart/annotations/TextAnnotation.class
./org/jfree/chart/annotations/CategoryTextAnnotation.class
./org/jfree/chart/annotations/XYTitleAnnotation.class
./org/jfree/chart/annotations/XYImageAnnotation.class
./org/jfree/chart/annotations/XYPolygonAnnotation.class
./org/jfree/chart/annotations/XYBoxAnnotation.class
./org/jfree/chart/annotations/AbstractXYAnnotation.class
./org/jfree/chart/annotations/XYDataImageAnnotation.class
./org/jfree/chart/annotations/XYAnnotation.class
./org/jfree/chart/annotations/XYLineAnnotation.class
./org/jfree/chart/annotations/CategoryLineAnnotation.class
./org/jfree/chart/annotations/AbstractAnnotation.class
./org/jfree/chart/annotations/XYPointerAnnotation.class
./org/jfree/chart/annotations/XYTextAnnotation.class
./org/jfree/chart/annotations/XYShapeAnnotation.class
./org/jfree/chart/annotations/CategoryPointerAnnotation.class
./org/jfree/chart/annotations/XYAnnotationBoundsInfo.class
./org/jfree/chart/annotations/XYDrawableAnnotation.class
./org/jfree/chart/annotations/Annotation.class
./org/jfree/chart/ChartTheme.class
./org/jfree/chart/event/MarkerChangeEvent.class
./org/jfree/chart/event/TitleChangeEvent.class
./org/jfree/chart/event/RendererChangeListener.class
./org/jfree/chart/event/PlotChangeListener.class
./org/jfree/chart/event/ChartProgressListener.class
./org/jfree/chart/event/PlotChangeEvent.class
./org/jfree/chart/event/DatasetChangeInfo.class
./org/jfree/chart/event/OverlayChangeEvent.class
./org/jfree/chart/event/ChartChangeEvent.class
./org/jfree/chart/event/RendererChangeEvent.class
./org/jfree/chart/event/OverlayChangeListener.class
./org/jfree/chart/event/TitleChangeListener.class
./org/jfree/chart/event/AxisChangeEvent.class
./org/jfree/chart/event/AxisChangeListener.class
./org/jfree/chart/event/MarkerChangeListener.class
./org/jfree/chart/event/ChartChangeListener.class
./org/jfree/chart/event/ChartProgressEvent.class
./org/jfree/chart/event/ChartChangeEventType.class
./org/jfree/chart/event/AnnotationChangeEvent.class
./org/jfree/chart/event/AnnotationChangeListener.class
./org/jfree/chart/LegendRenderingOrder.class
./org/jfree/chart/ChartPanel.class
./org/jfree/chart/ChartRenderingInfo.class
./org/jfree/chart/ChartTransferable.class
./org/jfree/chart/block/BlockFrame.class
./org/jfree/chart/block/EntityBlockResult.class
./org/jfree/chart/block/EntityBlockParams.class
./org/jfree/chart/block/LabelBlock.class
./org/jfree/chart/block/LengthConstraintType.class
./org/jfree/chart/block/FlowArrangement.class
./org/jfree/chart/block/BlockContainer.class
./org/jfree/chart/block/BlockParams.class
./org/jfree/chart/block/GridArrangement.class
./org/jfree/chart/block/LineBorder.class
./org/jfree/chart/block/BorderArrangement.class
./org/jfree/chart/block/RectangleConstraint.class
./org/jfree/chart/block/CenterArrangement.class
./org/jfree/chart/block/AbstractBlock.class
./org/jfree/chart/block/EmptyBlock.class
./org/jfree/chart/block/ColorBlock.class
./org/jfree/chart/block/Arrangement.class
./org/jfree/chart/block/Block.class
./org/jfree/chart/block/ColumnArrangement.class
./org/jfree/chart/block/BlockBorder.class
./org/jfree/chart/block/BlockResult.class
./org/jfree/chart/labels/CustomXYToolTipGenerator.class
./org/jfree/chart/labels/AbstractPieItemLabelGenerator.class
./org/jfree/chart/labels/CategoryToolTipGenerator.class
./org/jfree/chart/labels/XYSeriesLabelGenerator.class
./org/jfree/chart/labels/PieSectionLabelGenerator.class
./org/jfree/chart/labels/StandardXYSeriesLabelGenerator.class
./org/jfree/chart/labels/IntervalCategoryToolTipGenerator.class
./org/jfree/chart/labels/StandardCategoryItemLabelGenerator.class
./org/jfree/chart/labels/StandardXYZToolTipGenerator.class
./org/jfree/chart/labels/StandardXYToolTipGenerator.class
./org/jfree/chart/labels/ItemLabelPosition.class
./org/jfree/chart/labels/IntervalXYItemLabelGenerator.class
./org/jfree/chart/labels/MultipleXYSeriesLabelGenerator.class
./org/jfree/chart/labels/IntervalCategoryItemLabelGenerator.class
./org/jfree/chart/labels/StandardCrosshairLabelGenerator.class
./org/jfree/chart/labels/BubbleXYItemLabelGenerator.class
./org/jfree/chart/labels/StandardXYItemLabelGenerator.class
./org/jfree/chart/labels/PieToolTipGenerator.class
./org/jfree/chart/labels/CrosshairLabelGenerator.class
./org/jfree/chart/labels/SymbolicXYItemLabelGenerator.class
./org/jfree/chart/labels/StandardPieToolTipGenerator.class
./org/jfree/chart/labels/StandardPieSectionLabelGenerator.class
./org/jfree/chart/labels/XYItemLabelGenerator.class
./org/jfree/chart/labels/ItemLabelAnchor.class
./org/jfree/chart/labels/XYZToolTipGenerator.class
./org/jfree/chart/labels/StandardCategorySeriesLabelGenerator.class
./org/jfree/chart/labels/StandardCategoryToolTipGenerator.class
./org/jfree/chart/labels/CategoryItemLabelGenerator.class
./org/jfree/chart/labels/AbstractXYItemLabelGenerator.class
./org/jfree/chart/labels/BoxAndWhiskerXYToolTipGenerator.class
./org/jfree/chart/labels/AbstractCategoryItemLabelGenerator.class
./org/jfree/chart/labels/CategorySeriesLabelGenerator.class
./org/jfree/chart/labels/BoxAndWhiskerToolTipGenerator.class
./org/jfree/chart/labels/HighLowItemLabelGenerator.class
./org/jfree/chart/labels/XYToolTipGenerator.class
./org/jfree/chart/panel/PanHandler.class
./org/jfree/chart/panel/RegionSelectionHandler.class
./org/jfree/chart/panel/AbstractOverlay.class
./org/jfree/chart/panel/AbstractMouseHandler.class
./org/jfree/chart/panel/ZoomHandler.class
./org/jfree/chart/panel/Overlay.class
./org/jfree/chart/panel/CrosshairOverlay.class
./org/jfree/chart/ChartColor.class
./org/jfree/chart/needle/MiddlePinNeedle.class
./org/jfree/chart/needle/WindNeedle.class
./org/jfree/chart/needle/MeterNeedle.class
./org/jfree/chart/needle/ArrowNeedle.class
./org/jfree/chart/needle/LongNeedle.class
./org/jfree/chart/needle/ShipNeedle.class
./org/jfree/chart/needle/PinNeedle.class
./org/jfree/chart/needle/PointerNeedle.class
./org/jfree/chart/needle/LineNeedle.class
./org/jfree/chart/needle/PlumNeedle.class
./org/jfree/chart/axis/CategoryLabelPosition.class
./org/jfree/chart/axis/ValueAxis.class
./org/jfree/chart/axis/AxisSpace.class
./org/jfree/chart/axis/MonthDateFormat.class
./org/jfree/chart/axis/NumberTickUnit.class
./org/jfree/chart/axis/CategoryAnchor.class
./org/jfree/chart/axis/SegmentedTimeline.class
./org/jfree/chart/axis/StandardTickUnitSource.class
./org/jfree/chart/axis/TickUnitSource.class
./org/jfree/chart/axis/ValueTick.class
./org/jfree/chart/axis/SegmentedTimeline$BaseTimelineSegmentRange.class
./org/jfree/chart/axis/CyclicNumberAxis.class
./org/jfree/chart/axis/Tick.class
./org/jfree/chart/axis/ExtendedCategoryAxis.class
./org/jfree/chart/axis/Axis.class
./org/jfree/chart/axis/Timeline.class
./org/jfree/chart/axis/SymbolAxis.class
./org/jfree/chart/axis/LogarithmicAxis.class
./org/jfree/chart/axis/AxisCollection.class
./org/jfree/chart/axis/QuarterDateFormat.class
./org/jfree/chart/axis/CategoryTick.class
./org/jfree/chart/axis/DateTickUnitType.class
./org/jfree/chart/axis/CompassFormat.class
./org/jfree/chart/axis/LogAxis.class
./org/jfree/chart/axis/SegmentedTimeline$SegmentRange.class
./org/jfree/chart/axis/DateTickMarkPosition.class
./org/jfree/chart/axis/CategoryAxis3D.class
./org/jfree/chart/axis/TickUnit.class
./org/jfree/chart/axis/TickUnits.class
./org/jfree/chart/axis/SubCategoryAxis.class
./org/jfree/chart/axis/NumberAxis.class
./org/jfree/chart/axis/TickType.class
./org/jfree/chart/axis/CyclicNumberAxis$CycleBoundTick.class
./org/jfree/chart/axis/MarkerAxisBand.class
./org/jfree/chart/axis/NumberTick.class
./org/jfree/chart/axis/CategoryLabelPositions.class
./org/jfree/chart/axis/DateTick.class
./org/jfree/chart/axis/CategoryLabelWidthType.class
./org/jfree/chart/axis/CategoryAxis.class
./org/jfree/chart/axis/NumberAxis3D.class
./org/jfree/chart/axis/DateAxis$1.class
./org/jfree/chart/axis/PeriodAxis.class
./org/jfree/chart/axis/DateTickUnit.class
./org/jfree/chart/axis/ModuloAxis.class
./org/jfree/chart/axis/AxisState.class
./org/jfree/chart/axis/DateAxis.class
./org/jfree/chart/axis/PeriodAxisLabelInfo.class
./org/jfree/chart/axis/AxisLocation.class
./org/jfree/chart/axis/SegmentedTimeline$Segment.class
./org/jfree/chart/axis/DateAxis$DefaultTimeline.class
./org/jfree/chart/plot/RingPlot.class
./org/jfree/chart/plot/SeriesRenderingOrder.class
./org/jfree/chart/plot/ValueMarker.class
./org/jfree/chart/plot/AbstractPieLabelDistributor.class
./org/jfree/chart/plot/IntervalMarker.class
./org/jfree/chart/plot/CategoryMarker.class
./org/jfree/chart/plot/MeterInterval.class
./org/jfree/chart/plot/CategoryPlot.class
./org/jfree/chart/plot/CrosshairState.class
./org/jfree/chart/plot/dial/AbstractDialLayer.class
./org/jfree/chart/plot/dial/ArcDialFrame.class
./org/jfree/chart/plot/dial/DialValueIndicator.class
./org/jfree/chart/plot/dial/DialTextAnnotation.class
./org/jfree/chart/plot/dial/DialPointer$Pointer.class
./org/jfree/chart/plot/dial/DialLayer.class
./org/jfree/chart/plot/dial/DialPlot.class
./org/jfree/chart/plot/dial/DialLayerChangeEvent.class
./org/jfree/chart/plot/dial/StandardDialFrame.class
./org/jfree/chart/plot/dial/DialPointer$Pin.class
./org/jfree/chart/plot/dial/DialScale.class
./org/jfree/chart/plot/dial/DialLayerChangeListener.class
./org/jfree/chart/plot/dial/DialCap.class
./org/jfree/chart/plot/dial/DialBackground.class
./org/jfree/chart/plot/dial/StandardDialRange.class
./org/jfree/chart/plot/dial/DialPointer.class
./org/jfree/chart/plot/dial/DialFrame.class
./org/jfree/chart/plot/dial/StandardDialScale.class
./org/jfree/chart/plot/PlotRenderingInfo.class
./org/jfree/chart/plot/DefaultDrawingSupplier.class
./org/jfree/chart/plot/PiePlot3D.class
./org/jfree/chart/plot/CombinedDomainXYPlot.class
./org/jfree/chart/plot/DrawingSupplier.class
./org/jfree/chart/plot/PieSelectionAttributes.class
./org/jfree/chart/plot/PlotOrientation.class
./org/jfree/chart/plot/CompassPlot.class
./org/jfree/chart/plot/Marker.class
./org/jfree/chart/plot/PlotUtilities.class
./org/jfree/chart/plot/Pannable.class
./org/jfree/chart/plot/Crosshair.class
./org/jfree/chart/plot/MultiplePiePlot.class
./org/jfree/chart/plot/PolarPlot.class
./org/jfree/chart/plot/PieLabelLinkStyle.class
./org/jfree/chart/plot/CombinedRangeXYPlot.class
./org/jfree/chart/plot/PieLabelDistributor.class
./org/jfree/chart/plot/MeterPlot.class
./org/jfree/chart/plot/FastScatterPlot.class
./org/jfree/chart/plot/WaferMapPlot.class
./org/jfree/chart/plot/DialShape.class
./org/jfree/chart/plot/PlotState.class
./org/jfree/chart/plot/Plot.class
./org/jfree/chart/plot/CombinedDomainCategoryPlot.class
./org/jfree/chart/plot/ThermometerPlot.class
./org/jfree/chart/plot/PiePlotState.class
./org/jfree/chart/plot/CombinedRangeCategoryPlot.class
./org/jfree/chart/plot/PieLabelRecord.class
./org/jfree/chart/plot/XYCrosshairState.class
./org/jfree/chart/plot/XYPlot.class
./org/jfree/chart/plot/PiePlot.class
./org/jfree/chart/plot/SpiderWebPlot.class
./org/jfree/chart/plot/ValueAxisPlot.class
./org/jfree/chart/plot/Selectable.class
./org/jfree/chart/plot/CategoryCrosshairState.class
./org/jfree/chart/plot/DatasetRenderingOrder.class
./org/jfree/chart/plot/Zoomable.class
./org/jfree/chart/entity/ChartEntity.class
./org/jfree/chart/entity/CategoryLabelEntity.class
./org/jfree/chart/entity/PlotEntity.class
./org/jfree/chart/entity/XYAnnotationEntity.class
./org/jfree/chart/entity/PieSectionEntity.class
./org/jfree/chart/entity/TitleEntity.class
./org/jfree/chart/entity/EntityCollection.class
./org/jfree/chart/entity/AxisLabelEntity.class
./org/jfree/chart/entity/XYItemEntity.class
./org/jfree/chart/entity/CategoryItemEntity.class
./org/jfree/chart/entity/JFreeChartEntity.class
./org/jfree/chart/entity/StandardEntityCollection.class
./org/jfree/chart/entity/TickLabelEntity.class
./org/jfree/chart/entity/AxisEntity.class
./org/jfree/chart/entity/LegendItemEntity.class
./org/jfree/chart/ChartMouseListener.class
./org/jfree/chart/title/ShortTextTitle.class
./org/jfree/chart/title/LegendTitle.class
./org/jfree/chart/title/DateTitle.class
./org/jfree/chart/title/LegendItemBlockContainer.class
./org/jfree/chart/title/Title.class
./org/jfree/chart/title/ImageTitle.class
./org/jfree/chart/title/PaintScaleLegend.class
./org/jfree/chart/title/LegendGraphic.class
./org/jfree/chart/title/CompositeTitle.class
./org/jfree/chart/title/TextTitle.class
./org/jfree/chart/RenderingSource.class
./org/jfree/chart/renderer/WaferMapRenderer.class
./org/jfree/chart/renderer/xy/XYStepAreaRenderer.class
./org/jfree/chart/renderer/xy/HighLowRenderer.class
./org/jfree/chart/renderer/xy/XYLine3DRenderer.class
./org/jfree/chart/renderer/xy/StackedXYAreaRenderer.class
./org/jfree/chart/renderer/xy/StackedXYBarRenderer.class
./org/jfree/chart/renderer/xy/YIntervalRenderer.class
./org/jfree/chart/renderer/xy/XYDifferenceRenderer.class
./org/jfree/chart/renderer/xy/CyclicXYItemRenderer$OverwriteDataSet.class
./org/jfree/chart/renderer/xy/XYBubbleRenderer.class
./org/jfree/chart/renderer/xy/DeviationRenderer$State.class
./org/jfree/chart/renderer/xy/WindItemRenderer.class
./org/jfree/chart/renderer/xy/StandardXYItemRenderer$State.class
./org/jfree/chart/renderer/xy/CandlestickRenderer.class
./org/jfree/chart/renderer/xy/VectorRenderer.class
./org/jfree/chart/renderer/xy/StandardXYItemRenderer.class
./org/jfree/chart/renderer/xy/XYAreaRenderer.class
./org/jfree/chart/renderer/xy/XYBoxAndWhiskerRenderer.class
./org/jfree/chart/renderer/xy/XYAreaRenderer$XYAreaRendererState.class
./org/jfree/chart/renderer/xy/XYDotRenderer.class
./org/jfree/chart/renderer/xy/StackedXYAreaRenderer$StackedXYAreaRendererState.class
./org/jfree/chart/renderer/xy/XYItemRenderer.class
./org/jfree/chart/renderer/xy/DefaultXYItemRenderer.class
./org/jfree/chart/renderer/xy/XYSplineRenderer.class
./org/jfree/chart/renderer/xy/XYBarRenderer.class
./org/jfree/chart/renderer/xy/XYAreaRenderer2.class
./org/jfree/chart/renderer/xy/GradientXYBarPainter.class
./org/jfree/chart/renderer/xy/SamplingXYLineRenderer.class
./org/jfree/chart/renderer/xy/StandardXYBarPainter.class
./org/jfree/chart/renderer/xy/AbstractXYItemRenderer.class
./org/jfree/chart/renderer/xy/DeviationRenderer.class
./org/jfree/chart/renderer/xy/XYLineAndShapeRenderer$State.class
./org/jfree/chart/renderer/xy/XYBlockRenderer.class
./org/jfree/chart/renderer/xy/XYErrorRenderer.class
./org/jfree/chart/renderer/xy/CyclicXYItemRenderer.class
./org/jfree/chart/renderer/xy/ClusteredXYBarRenderer.class
./org/jfree/chart/renderer/xy/StackedXYAreaRenderer2.class
./org/jfree/chart/renderer/xy/XYStepRenderer.class
./org/jfree/chart/renderer/xy/XYLineAndShapeRenderer.class
./org/jfree/chart/renderer/xy/XYShapeRenderer.class
./org/jfree/chart/renderer/xy/SamplingXYLineRenderer$State.class
./org/jfree/chart/renderer/xy/XYSplineRenderer$ControlPoint.class
./org/jfree/chart/renderer/xy/XYBarPainter.class
./org/jfree/chart/renderer/xy/XYItemRendererState.class
./org/jfree/chart/renderer/xy/XYBarRenderer$XYBarRendererState.class
./org/jfree/chart/renderer/NotOutlierException.class
./org/jfree/chart/renderer/RenderAttributes.class
./org/jfree/chart/renderer/PolarItemRenderer.class
./org/jfree/chart/renderer/AbstractRenderer.class
./org/jfree/chart/renderer/OutlierList.class
./org/jfree/chart/renderer/GrayPaintScale.class
./org/jfree/chart/renderer/LookupPaintScale.class
./org/jfree/chart/renderer/Outlier.class
./org/jfree/chart/renderer/OutlierListCollection.class
./org/jfree/chart/renderer/AreaRendererEndType.class
./org/jfree/chart/renderer/DefaultPolarItemRenderer.class
./org/jfree/chart/renderer/category/GradientBarPainter.class
./org/jfree/chart/renderer/category/MinMaxCategoryRenderer$2.class
./org/jfree/chart/renderer/category/MinMaxCategoryRenderer.class
./org/jfree/chart/renderer/category/BarRenderer3D.class
./org/jfree/chart/renderer/category/LineAndShapeRenderer.class
./org/jfree/chart/renderer/category/StatisticalBarRenderer.class
./org/jfree/chart/renderer/category/BarPainter.class
./org/jfree/chart/renderer/category/AreaRenderer.class
./org/jfree/chart/renderer/category/MinMaxCategoryRenderer$1.class
./org/jfree/chart/renderer/category/ScatterRenderer.class
./org/jfree/chart/renderer/category/CategoryItemRendererState.class
./org/jfree/chart/renderer/category/DefaultCategoryItemRenderer.class
./org/jfree/chart/renderer/category/BarRenderer.class
./org/jfree/chart/renderer/category/BoxAndWhiskerRenderer.class
./org/jfree/chart/renderer/category/StackedBarRenderer.class
./org/jfree/chart/renderer/category/LayeredBarRenderer.class
./org/jfree/chart/renderer/category/CategoryStepRenderer.class
./org/jfree/chart/renderer/category/CategoryItemRenderer.class
./org/jfree/chart/renderer/category/CategoryStepRenderer$State.class
./org/jfree/chart/renderer/category/StackedAreaRenderer.class
./org/jfree/chart/renderer/category/StackedBarRenderer3D.class
./org/jfree/chart/renderer/category/StatisticalLineAndShapeRenderer.class
./org/jfree/chart/renderer/category/GanttRenderer.class
./org/jfree/chart/renderer/category/GroupedStackedBarRenderer.class
./org/jfree/chart/renderer/category/AbstractCategoryItemRenderer.class
./org/jfree/chart/renderer/category/StandardBarPainter.class
./org/jfree/chart/renderer/category/LevelRenderer.class
./org/jfree/chart/renderer/category/LineRenderer3D.class
./org/jfree/chart/renderer/category/IntervalBarRenderer.class
./org/jfree/chart/renderer/category/WaterfallBarRenderer.class
./org/jfree/chart/renderer/RendererUtilities.class
./org/jfree/chart/renderer/PaintScale.class
./org/jfree/chart/renderer/LookupPaintScale$PaintItem.class
./org/jfree/chart/renderer/RendererState.class
./org/jfree/chart/ChartFactory.class
./org/jfree/chart/demo/TimeSeriesChartDemo1.class
./org/jfree/chart/demo/PieChartDemo1.class
./org/jfree/chart/demo/BarChartDemo1.class
./org/jfree/chart/servlet/DisplayChart.class
./org/jfree/chart/servlet/ChartDeleter.class
./org/jfree/chart/servlet/ServletUtilities.class
./org/jfree/chart/JFreeChartInfo.class
./org/jfree/chart/JFreeChart.class
./org/jfree/chart/urls/XYZURLGenerator.class
./org/jfree/chart/urls/XYURLGenerator.class
./org/jfree/chart/urls/StandardPieURLGenerator.class
./org/jfree/chart/urls/StandardCategoryURLGenerator.class
./org/jfree/chart/urls/StandardXYURLGenerator.class
./org/jfree/chart/urls/CustomPieURLGenerator.class
./org/jfree/chart/urls/PieURLGenerator.class
./org/jfree/chart/urls/CategoryURLGenerator.class
./org/jfree/chart/urls/TimeSeriesURLGenerator.class
./org/jfree/chart/urls/CustomXYURLGenerator.class
./org/jfree/chart/urls/CustomCategoryURLGenerator.class
./org/jfree/chart/urls/StandardXYZURLGenerator.class
./org/jfree/chart/StandardChartTheme.class
./org/jfree/chart/util/StrokeList.class
./org/jfree/chart/util/XYCoordinateType.class
./org/jfree/chart/util/ShapeUtilities.class
./org/jfree/chart/util/LengthAdjustmentType.class
./org/jfree/chart/util/LogFormat.class
./org/jfree/chart/util/RefineryUtilities.class
./org/jfree/chart/util/ShadowGenerator.class
./org/jfree/chart/util/HorizontalAlignment.class
./org/jfree/chart/util/StringUtilities.class
./org/jfree/chart/util/Size2D.class
./org/jfree/chart/util/Layer.class
./org/jfree/chart/util/PaintMap.class
./org/jfree/chart/util/GradientPaintTransformType.class
./org/jfree/chart/util/NumberCellRenderer.class
./org/jfree/chart/util/HexNumberFormat.class
./org/jfree/chart/util/PaintList.class
./org/jfree/chart/util/TableOrder.class
./org/jfree/chart/util/Align.class
./org/jfree/chart/util/Rotation.class
./org/jfree/chart/util/RectangleAnchor.class
./org/jfree/chart/util/BooleanList.class
./org/jfree/chart/util/RectangleEdge.class
./org/jfree/chart/util/ObjectUtilities.class
./org/jfree/chart/util/HashUtilities.class
./org/jfree/chart/util/SortOrder.class
./org/jfree/chart/util/SerialUtilities.class
./org/jfree/chart/util/VerticalAlignment.class
./org/jfree/chart/util/LineUtilities.class
./org/jfree/chart/util/UnitType.class
./org/jfree/chart/util/StrokeMap.class
./org/jfree/chart/util/RelativeDateFormat.class
./org/jfree/chart/util/ResourceBundleWrapper.class
./org/jfree/chart/util/PublicCloneable.class
./org/jfree/chart/util/PaintUtilities.class
./org/jfree/chart/util/ApplicationFrame.class
./org/jfree/chart/util/RectangleInsets.class
./org/jfree/chart/util/ArrayUtilities.class
./org/jfree/chart/util/ShapeList.class
./org/jfree/chart/util/DefaultShadowGenerator.class
./org/jfree/chart/util/AbstractObjectList.class
./org/jfree/chart/util/ObjectList.class
./org/jfree/chart/util/AttributedStringUtilities.class
./org/jfree/chart/util/GradientPaintTransformer.class
./org/jfree/chart/util/StandardGradientPaintTransformer.class
./org/jfree/experimental/chart/renderer/xy/XYSmoothLineAndShapeRenderer.class
./org/jfree/data/ComparableObjectItem.class
./org/jfree/data/xy/XYBarDataset.class
./org/jfree/data/xy/OHLCDataItem.class
./org/jfree/data/xy/DefaultXYDataset.class
./org/jfree/data/xy/DefaultOHLCDataset.class
./org/jfree/data/xy/XYDataItem.class
./org/jfree/data/xy/Vector.class
./org/jfree/data/xy/YInterval.class
./org/jfree/data/xy/AbstractXYDataset.class
./org/jfree/data/xy/VectorSeries.class
./org/jfree/data/xy/AbstractIntervalXYDataset.class
./org/jfree/data/xy/TableXYDataset.class
./org/jfree/data/xy/XIntervalSeries.class
./org/jfree/data/xy/XYCoordinate.class
./org/jfree/data/xy/XYIntervalDataItem.class
./org/jfree/data/xy/XYDataset.class
./org/jfree/data/xy/XYIntervalSeriesCollection.class
./org/jfree/data/xy/DefaultTableXYDataset.class
./org/jfree/data/xy/IntervalXYDelegate.class
./org/jfree/data/xy/SelectableXYDataset.class
./org/jfree/data/xy/YIntervalSeriesCollection.class
./org/jfree/data/xy/VectorDataItem.class
./org/jfree/data/xy/XYInterval.class
./org/jfree/data/xy/XYSeries.class
./org/jfree/data/xy/XIntervalDataItem.class
./org/jfree/data/xy/YIntervalSeries.class
./org/jfree/data/xy/DefaultWindDataset.class
./org/jfree/data/xy/YWithXInterval.class
./org/jfree/data/xy/IntervalXYDataset.class
./org/jfree/data/xy/YisSymbolic.class
./org/jfree/data/xy/MatrixSeriesCollection.class
./org/jfree/data/xy/DefaultXYZDataset.class
./org/jfree/data/xy/CategoryTableXYDataset.class
./org/jfree/data/xy/XYRangeInfo.class
./org/jfree/data/xy/XisSymbolic.class
./org/jfree/data/xy/DefaultHighLowDataset.class
./org/jfree/data/xy/NormalizedMatrixSeries.class
./org/jfree/data/xy/YIntervalDataItem.class
./org/jfree/data/xy/WindDataset.class
./org/jfree/data/xy/OHLCDataset.class
./org/jfree/data/xy/XIntervalSeriesCollection.class
./org/jfree/data/xy/XYDatasetSelectionState.class
./org/jfree/data/xy/AbstractXYZDataset.class
./org/jfree/data/xy/VectorSeriesCollection.class
./org/jfree/data/xy/IntervalXYZDataset.class
./org/jfree/data/xy/VectorXYDataset.class
./org/jfree/data/xy/MatrixSeries.class
./org/jfree/data/xy/XYDatasetTableModel.class
./org/jfree/data/xy/XYIntervalSeries.class
./org/jfree/data/xy/XYSeriesCollection.class
./org/jfree/data/xy/DefaultIntervalXYDataset.class
./org/jfree/data/xy/WindDataItem.class
./org/jfree/data/xy/XYDomainInfo.class
./org/jfree/data/xy/XYZDataset.class
./org/jfree/data/DefaultKeyedValues.class
./org/jfree/data/Values.class
./org/jfree/data/KeyToGroupMap.class
./org/jfree/data/function/LineFunction2D.class
./org/jfree/data/function/PowerFunction2D.class
./org/jfree/data/function/PolynomialFunction2D.class
./org/jfree/data/function/NormalDistributionFunction2D.class
./org/jfree/data/function/Function2D.class
./org/jfree/data/KeyedValues.class
./org/jfree/data/DomainInfo.class
./org/jfree/data/RangeInfo.class
./org/jfree/data/UnknownKeyException.class
./org/jfree/data/xml/ItemHandler.class
./org/jfree/data/xml/RootHandler.class
./org/jfree/data/xml/CategoryDatasetHandler.class
./org/jfree/data/xml/CategorySeriesHandler.class
./org/jfree/data/xml/ValueHandler.class
./org/jfree/data/xml/PieDatasetHandler.class
./org/jfree/data/xml/DatasetReader.class
./org/jfree/data/xml/KeyHandler.class
./org/jfree/data/xml/DatasetTags.class
./org/jfree/data/KeyedObjects2D.class
./org/jfree/data/resources/DataPackageResources_pl.class
./org/jfree/data/resources/DataPackageResources_de.class
./org/jfree/data/resources/DataPackageResources_es.class
./org/jfree/data/resources/DataPackageResources.class
./org/jfree/data/resources/DataPackageResources_fr.class
./org/jfree/data/resources/DataPackageResources_ru.class
./org/jfree/data/io/CSV.class
./org/jfree/data/Values2D.class
./org/jfree/data/KeyedObjectComparator.class
./org/jfree/data/general/SeriesDataset.class
./org/jfree/data/general/ValueDataset.class
./org/jfree/data/general/AbstractDataset.class
./org/jfree/data/general/KeyedValues2DDataset.class
./org/jfree/data/general/DefaultKeyedValuesDataset.class
./org/jfree/data/general/DatasetSelectionState.class
./org/jfree/data/general/Series.class
./org/jfree/data/general/DefaultKeyedValues2DDataset.class
./org/jfree/data/general/DatasetGroup.class
./org/jfree/data/general/DatasetAndSelection.class
./org/jfree/data/general/SeriesChangeType.class
./org/jfree/data/general/SeriesChangeInfo.class
./org/jfree/data/general/KeyedValuesDataset.class
./org/jfree/data/general/DefaultValueDataset.class
./org/jfree/data/general/HeatMapUtilities.class
./org/jfree/data/general/WaferMapDataset.class
./org/jfree/data/general/DatasetUtilities.class
./org/jfree/data/general/DefaultKeyedValueDataset.class
./org/jfree/data/general/KeyedValueDataset.class
./org/jfree/data/general/SeriesException.class
./org/jfree/data/general/DefaultHeatMapDataset.class
./org/jfree/data/general/AbstractSeriesDataset.class
./org/jfree/data/general/Dataset.class
./org/jfree/data/general/HeatMapDataset.class
./org/jfree/data/event/SeriesChangeEvent.class
./org/jfree/data/event/DatasetChangeEvent.class
./org/jfree/data/event/SeriesChangeListener.class
./org/jfree/data/event/DatasetChangeListener.class
./org/jfree/data/DefaultKeyedValues2D.class
./org/jfree/data/DomainOrder.class
./org/jfree/data/KeyedValueComparatorType.class
./org/jfree/data/KeyedObjectComparatorType.class
./org/jfree/data/time/Month.class
./org/jfree/data/time/TimePeriodValues.class
./org/jfree/data/time/DynamicTimeSeriesCollection$ValueSequence.class
./org/jfree/data/time/TimeSeriesTableModel.class
./org/jfree/data/time/RegularTimePeriod.class
./org/jfree/data/time/TimeSeries.class
./org/jfree/data/time/SpreadsheetDate.class
./org/jfree/data/time/DynamicTimeSeriesCollection.class
./org/jfree/data/time/Hour.class
./org/jfree/data/time/Quarter.class
./org/jfree/data/time/Second.class
./org/jfree/data/time/TimeSeriesCollection.class
./org/jfree/data/time/TimePeriod.class
./org/jfree/data/time/Year.class
./org/jfree/data/time/SerialDate.class
./org/jfree/data/time/DateRange.class
./org/jfree/data/time/Millisecond.class
./org/jfree/data/time/TimePeriodAnchor.class
./org/jfree/data/time/TimePeriodValue.class
./org/jfree/data/time/Minute.class
./org/jfree/data/time/TimePeriodFormatException.class
./org/jfree/data/time/Week.class
./org/jfree/data/time/TimePeriodValuesCollection.class
./org/jfree/data/time/FixedMillisecond.class
./org/jfree/data/time/Day.class
./org/jfree/data/time/ohlc/OHLC.class
./org/jfree/data/time/ohlc/OHLCItem.class
./org/jfree/data/time/ohlc/OHLCSeriesCollection.class
./org/jfree/data/time/ohlc/OHLCSeries.class
./org/jfree/data/time/TimeSeriesDataItem.class
./org/jfree/data/time/SimpleTimePeriod.class
./org/jfree/data/time/MonthConstants.class
./org/jfree/data/time/TimeTableXYDataset.class
./org/jfree/data/time/MovingAverage.class
./org/jfree/data/KeyedObjects.class
./org/jfree/data/RangeType.class
./org/jfree/data/category/IntervalCategoryDataset.class
./org/jfree/data/category/AbstractCategoryDataset.class
./org/jfree/data/category/DefaultCategoryDataset.class
./org/jfree/data/category/SlidingCategoryDataset.class
./org/jfree/data/category/SelectableCategoryDataset.class
./org/jfree/data/category/CategoryRangeInfo.class
./org/jfree/data/category/CategoryToPieDataset.class
./org/jfree/data/category/DefaultIntervalCategoryDataset.class
./org/jfree/data/category/CategoryDataset.class
./org/jfree/data/category/CategoryDatasetSelectionState.class
./org/jfree/data/SelectableValue.class
./org/jfree/data/Range.class
./org/jfree/data/statistics/DefaultMultiValueCategoryDataset.class
./org/jfree/data/statistics/MeanAndStandardDeviation.class
./org/jfree/data/statistics/SimpleHistogramBin.class
./org/jfree/data/statistics/DefaultStatisticalCategoryDataset.class
./org/jfree/data/statistics/MultiValueCategoryDataset.class
./org/jfree/data/statistics/BoxAndWhiskerCalculator.class
./org/jfree/data/statistics/DefaultBoxAndWhiskerCategoryDataset.class
./org/jfree/data/statistics/HistogramDataset.class
./org/jfree/data/statistics/HistogramType.class
./org/jfree/data/statistics/Regression.class
./org/jfree/data/statistics/BoxAndWhiskerXYDataset.class
./org/jfree/data/statistics/StatisticalCategoryDataset.class
./org/jfree/data/statistics/HistogramBin.class
./org/jfree/data/statistics/SimpleHistogramDataset.class
./org/jfree/data/statistics/Statistics.class
./org/jfree/data/statistics/DefaultBoxAndWhiskerXYDataset.class
./org/jfree/data/statistics/BoxAndWhiskerItem.class
./org/jfree/data/statistics/BoxAndWhiskerCategoryDataset.class
./org/jfree/data/pie/PieDatasetSelectionState.class
./org/jfree/data/pie/DefaultPieDataset.class
./org/jfree/data/pie/PieDataset.class
./org/jfree/data/pie/PieDatasetChangeType.class
./org/jfree/data/pie/PieDatasetChangeInfo.class
./org/jfree/data/pie/AbstractPieDataset.class
./org/jfree/data/pie/SelectablePieDataset.class
./org/jfree/data/ComparableObjectSeries.class
./org/jfree/data/KeyedValueComparator.class
./org/jfree/data/KeyedObject.class
./org/jfree/data/gantt/TaskSeries.class
./org/jfree/data/gantt/XYTaskDataset.class
./org/jfree/data/gantt/GanttCategoryDataset.class
./org/jfree/data/gantt/TaskSeriesCollection.class
./org/jfree/data/gantt/Task.class
./org/jfree/data/gantt/SlidingGanttCategoryDataset.class
./org/jfree/data/jdbc/JDBCXYDataset.class
./org/jfree/data/jdbc/JDBCCategoryDataset.class
./org/jfree/data/jdbc/JDBCPieDataset.class
./org/jfree/data/Value.class
./org/jfree/data/DataUtilities.class
./org/jfree/data/KeyedValues2D.class
./org/jfree/data/KeyedValue.class
./org/jfree/data/DefaultKeyedValue.class
